# JRE version: Java(TM) SE Runtime Environment (8.0_151-b12) (build 1.8.0_151-b12)
# Java VM: Java HotSpot(TM) 64-Bit Server VM (25.151-b12 mixed mode windows-amd64 compressed oops)
Heap:
 PSYoungGen      total 35840K, used 34018K [0x00000000d6000000, 0x00000000d8c00000, 0x0000000100000000)
  eden space 26624K, 93% used [0x00000000d6000000,0x00000000d783bac8,0x00000000d7a00000)
  from space 9216K, 99% used [0x00000000d7a00000,0x00000000d82fceb8,0x00000000d8300000)
  to   space 8192K, 0% used [0x00000000d8380000,0x00000000d8380000,0x00000000d8b80000)
 ParOldGen       total 29696K, used 21275K [0x0000000082000000, 0x0000000083d00000, 0x00000000d6000000)
  object space 29696K, 71% used [0x0000000082000000,0x00000000834c6ef8,0x0000000083d00000)
 Metaspace       used 8160K, capacity 8820K, committed 8960K, reserved 1056768K
  class space    used 920K, capacity 944K, committed 1024K, reserved 1048576K
GC Heap History (10 events):
Event: 1.520 GC heap before
{Heap before GC invocations=12 (full 2):
 PSYoungGen      total 28160K, used 5775K [0x00000000d6000000, 0x00000000d8580000, 0x0000000100000000)
  eden space 21504K, 0% used [0x00000000d6000000,0x00000000d6000000,0x00000000d7500000)
  from space 6656K, 86% used [0x00000000d7c80000,0x00000000d8223c00,0x00000000d8300000)
  to   space 7680K, 0% used [0x00000000d7500000,0x00000000d7500000,0x00000000d7c80000)
 ParOldGen       total 11264K, used 10977K [0x0000000082000000, 0x0000000082b00000, 0x00000000d6000000)
  object space 11264K, 97% used [0x0000000082000000,0x0000000082ab8740,0x0000000082b00000)
 Metaspace       used 7416K, capacity 8244K, committed 8448K, reserved 1056768K
  class space    used 893K, capacity 944K, committed 1024K, reserved 1048576K
Event: 1.593 GC heap after
Heap after GC invocations=12 (full 2):
 PSYoungGen      total 28160K, used 4326K [0x00000000d6000000, 0x00000000d8580000, 0x0000000100000000)
  eden space 21504K, 0% used [0x00000000d6000000,0x00000000d6000000,0x00000000d7500000)
  from space 6656K, 65% used [0x00000000d7c80000,0x00000000d80b9bb0,0x00000000d8300000)
  to   space 7680K, 0% used [0x00000000d7500000,0x00000000d7500000,0x00000000d7c80000)
 ParOldGen       total 18432K, used 10139K [0x0000000082000000, 0x0000000083200000, 0x00000000d6000000)
  object space 18432K, 55% used [0x0000000082000000,0x00000000829e6ca0,0x0000000083200000)
 Metaspace       used 7416K, capacity 8244K, committed 8448K, reserved 1056768K
  class space    used 893K, capacity 944K, committed 1024K, reserved 1048576K
}
Event: 1.712 GC heap before
{Heap before GC invocations=13 (full 2):
 PSYoungGen      total 28160K, used 23931K [0x00000000d6000000, 0x00000000d8580000, 0x0000000100000000)
  eden space 21504K, 91% used [0x00000000d6000000,0x00000000d7325438,0x00000000d7500000)
  from space 6656K, 65% used [0x00000000d7c80000,0x00000000d80b9bb0,0x00000000d8300000)
  to   space 7680K, 0% used [0x00000000d7500000,0x00000000d7500000,0x00000000d7c80000)
 ParOldGen       total 18432K, used 10139K [0x0000000082000000, 0x0000000083200000, 0x00000000d6000000)
  object space 18432K, 55% used [0x0000000082000000,0x00000000829e6ca0,0x0000000083200000)
 Metaspace       used 7418K, capacity 8244K, committed 8448K, reserved 1056768K
  class space    used 893K, capacity 944K, committed 1024K, reserved 1048576K
Event: 1.722 GC heap after
Heap after GC invocations=13 (full 2):
 PSYoungGen      total 29184K, used 5738K [0x00000000d6000000, 0x00000000d8b80000, 0x0000000100000000)
  eden space 21504K, 0% used [0x00000000d6000000,0x00000000d6000000,0x00000000d7500000)
  from space 7680K, 74% used [0x00000000d7500000,0x00000000d7a9a9b0,0x00000000d7c80000)
  to   space 8192K, 0% used [0x00000000d8380000,0x00000000d8380000,0x00000000d8b80000)
 ParOldGen       total 18432K, used 15153K [0x0000000082000000, 0x0000000083200000, 0x00000000d6000000)
  object space 18432K, 82% used [0x0000000082000000,0x0000000082ecc560,0x0000000083200000)
 Metaspace       used 7418K, capacity 8244K, committed 8448K, reserved 1056768K
  class space    used 893K, capacity 944K, committed 1024K, reserved 1048576K
}
Event: 1.722 GC heap before
{Heap before GC invocations=14 (full 3):
 PSYoungGen      total 29184K, used 5738K [0x00000000d6000000, 0x00000000d8b80000, 0x0000000100000000)
  eden space 21504K, 0% used [0x00000000d6000000,0x00000000d6000000,0x00000000d7500000)
  from space 7680K, 74% used [0x00000000d7500000,0x00000000d7a9a9b0,0x00000000d7c80000)
  to   space 8192K, 0% used [0x00000000d8380000,0x00000000d8380000,0x00000000d8b80000)
 ParOldGen       total 18432K, used 15153K [0x0000000082000000, 0x0000000083200000, 0x00000000d6000000)
  object space 18432K, 82% used [0x0000000082000000,0x0000000082ecc560,0x0000000083200000)
 Metaspace       used 7418K, capacity 8244K, committed 8448K, reserved 1056768K
  class space    used 893K, capacity 944K, committed 1024K, reserved 1048576K
Event: 1.752 GC heap after
Heap after GC invocations=14 (full 3):
 PSYoungGen      total 29184K, used 0K [0x00000000d6000000, 0x00000000d8b80000, 0x0000000100000000)
  eden space 21504K, 0% used [0x00000000d6000000,0x00000000d6000000,0x00000000d7500000)
  from space 7680K, 0% used [0x00000000d7500000,0x00000000d7500000,0x00000000d7c80000)
  to   space 8192K, 0% used [0x00000000d8380000,0x00000000d8380000,0x00000000d8b80000)
 ParOldGen       total 29696K, used 18102K [0x0000000082000000, 0x0000000083d00000, 0x00000000d6000000)
  object space 29696K, 60% used [0x0000000082000000,0x00000000831ada18,0x0000000083d00000)
 Metaspace       used 7418K, capacity 8244K, committed 8448K, reserved 1056768K
  class space    used 893K, capacity 944K, committed 1024K, reserved 1048576K
}
Event: 1.829 GC heap before
{Heap before GC invocations=15 (full 3):
 PSYoungGen      total 29184K, used 20307K [0x00000000d6000000, 0x00000000d8b80000, 0x0000000100000000)
  eden space 21504K, 94% used [0x00000000d6000000,0x00000000d73d4d80,0x00000000d7500000)
  from space 7680K, 0% used [0x00000000d7500000,0x00000000d7500000,0x00000000d7c80000)
  to   space 8192K, 0% used [0x00000000d8380000,0x00000000d8380000,0x00000000d8b80000)
 ParOldGen       total 29696K, used 18102K [0x0000000082000000, 0x0000000083d00000, 0x00000000d6000000)
  object space 29696K, 60% used [0x0000000082000000,0x00000000831ada18,0x0000000083d00000)
 Metaspace       used 7418K, capacity 8244K, committed 8448K, reserved 1056768K
  class space    used 893K, capacity 944K, committed 1024K, reserved 1048576K
Event: 1.834 GC heap after
Heap after GC invocations=15 (full 3):
 PSYoungGen      total 34816K, used 7188K [0x00000000d6000000, 0x00000000d8c00000, 0x0000000100000000)
  eden space 26624K, 0% used [0x00000000d6000000,0x00000000d6000000,0x00000000d7a00000)
  from space 8192K, 87% used [0x00000000d8380000,0x00000000d8a85398,0x00000000d8b80000)
  to   space 9216K, 0% used [0x00000000d7a00000,0x00000000d7a00000,0x00000000d8300000)
 ParOldGen       total 29696K, used 18102K [0x0000000082000000, 0x0000000083d00000, 0x00000000d6000000)
  object space 29696K, 60% used [0x0000000082000000,0x00000000831ada18,0x0000000083d00000)
 Metaspace       used 7418K, capacity 8244K, committed 8448K, reserved 1056768K
  class space    used 893K, capacity 944K, committed 1024K, reserved 1048576K
}
Event: 2.472 GC heap before
{Heap before GC invocations=16 (full 3):
 PSYoungGen      total 34816K, used 33812K [0x00000000d6000000, 0x00000000d8c00000, 0x0000000100000000)
  eden space 26624K, 100% used [0x00000000d6000000,0x00000000d7a00000,0x00000000d7a00000)
  from space 8192K, 87% used [0x00000000d8380000,0x00000000d8a85398,0x00000000d8b80000)
  to   space 9216K, 0% used [0x00000000d7a00000,0x00000000d7a00000,0x00000000d8300000)
 ParOldGen       total 29696K, used 18102K [0x0000000082000000, 0x0000000083d00000, 0x00000000d6000000)
  object space 29696K, 60% used [0x0000000082000000,0x00000000831ada18,0x0000000083d00000)
 Metaspace       used 7784K, capacity 8500K, committed 8704K, reserved 1056768K
  class space    used 907K, capacity 944K, committed 1024K, reserved 1048576K
Event: 2.485 GC heap after
Heap after GC invocations=16 (full 3):
 PSYoungGen      total 35840K, used 9203K [0x00000000d6000000, 0x00000000d8c00000, 0x0000000100000000)
  eden space 26624K, 0% used [0x00000000d6000000,0x00000000d6000000,0x00000000d7a00000)
  from space 9216K, 99% used [0x00000000d7a00000,0x00000000d82fceb8,0x00000000d8300000)
  to   space 8192K, 0% used [0x00000000d8380000,0x00000000d8380000,0x00000000d8b80000)
 ParOldGen       total 29696K, used 21275K [0x0000000082000000, 0x0000000083d00000, 0x00000000d6000000)
  object space 29696K, 71% used [0x0000000082000000,0x00000000834c6ef8,0x0000000083d00000)
 Metaspace       used 7784K, capacity 8500K, committed 8704K, reserved 1056768K
  class space    used 907K, capacity 944K, committed 1024K, reserved 1048576K
}

