# JRE version: Java(TM) SE Runtime Environment (8.0_151-b12) (build 1.8.0_151-b12)
# Java VM: Java HotSpot(TM) 64-Bit Server VM (25.151-b12 mixed mode windows-amd64 compressed oops)
Heap:
 PSYoungGen      total 20992K, used 17115K [0x00000000d6000000, 0x00000000d8100000, 0x0000000100000000)
  eden space 11264K, 81% used [0x00000000d6000000,0x00000000d69014e0,0x00000000d6b00000)
  from space 9728K, 81% used [0x00000000d7580000,0x00000000d7d35b10,0x00000000d7f00000)
  to   space 10752K, 0% used [0x00000000d6b00000,0x00000000d6b00000,0x00000000d7580000)
 ParOldGen       total 17920K, used 12039K [0x0000000082000000, 0x0000000083180000, 0x00000000d6000000)
  object space 17920K, 67% used [0x0000000082000000,0x0000000082bc1ea0,0x0000000083180000)
 Metaspace       used 9484K, capacity 10036K, committed 10368K, reserved 1058816K
  class space    used 1013K, capacity 1072K, committed 1152K, reserved 1048576K
GC Heap History (10 events):
Event: 1.850 GC heap before
{Heap before GC invocations=10 (full 2):
 PSYoungGen      total 12800K, used 3063K [0x00000000d6000000, 0x00000000d7b80000, 0x0000000100000000)
  eden space 9728K, 0% used [0x00000000d6000000,0x00000000d6000000,0x00000000d6980000)
  from space 3072K, 99% used [0x00000000d6f00000,0x00000000d71fdc38,0x00000000d7200000)
  to   space 5632K, 0% used [0x00000000d6980000,0x00000000d6980000,0x00000000d6f00000)
 ParOldGen       total 9216K, used 8016K [0x0000000082000000, 0x0000000082900000, 0x00000000d6000000)
  object space 9216K, 86% used [0x0000000082000000,0x00000000827d42c0,0x0000000082900000)
 Metaspace       used 7660K, capacity 8372K, committed 8704K, reserved 1056768K
  class space    used 905K, capacity 944K, committed 1024K, reserved 1048576K
Event: 2.004 GC heap after
Heap after GC invocations=10 (full 2):
 PSYoungGen      total 12800K, used 2035K [0x00000000d6000000, 0x00000000d7b80000, 0x0000000100000000)
  eden space 9728K, 0% used [0x00000000d6000000,0x00000000d6000000,0x00000000d6980000)
  from space 3072K, 66% used [0x00000000d6f00000,0x00000000d70fcff8,0x00000000d7200000)
  to   space 5632K, 0% used [0x00000000d6980000,0x00000000d6980000,0x00000000d6f00000)
 ParOldGen       total 17920K, used 8891K [0x0000000082000000, 0x0000000083180000, 0x00000000d6000000)
  object space 17920K, 49% used [0x0000000082000000,0x00000000828aee00,0x0000000083180000)
 Metaspace       used 7660K, capacity 8372K, committed 8704K, reserved 1056768K
  class space    used 905K, capacity 944K, committed 1024K, reserved 1048576K
}
Event: 2.220 GC heap before
{Heap before GC invocations=11 (full 2):
 PSYoungGen      total 12800K, used 11763K [0x00000000d6000000, 0x00000000d7b80000, 0x0000000100000000)
  eden space 9728K, 100% used [0x00000000d6000000,0x00000000d6980000,0x00000000d6980000)
  from space 3072K, 66% used [0x00000000d6f00000,0x00000000d70fcff8,0x00000000d7200000)
  to   space 5632K, 0% used [0x00000000d6980000,0x00000000d6980000,0x00000000d6f00000)
 ParOldGen       total 17920K, used 8891K [0x0000000082000000, 0x0000000083180000, 0x00000000d6000000)
  object space 17920K, 49% used [0x0000000082000000,0x00000000828aee00,0x0000000083180000)
 Metaspace       used 7927K, capacity 8628K, committed 8960K, reserved 1056768K
  class space    used 919K, capacity 944K, committed 1024K, reserved 1048576K
Event: 2.230 GC heap after
Heap after GC invocations=11 (full 2):
 PSYoungGen      total 15360K, used 4966K [0x00000000d6000000, 0x00000000d7700000, 0x0000000100000000)
  eden space 9728K, 0% used [0x00000000d6000000,0x00000000d6000000,0x00000000d6980000)
  from space 5632K, 88% used [0x00000000d6980000,0x00000000d6e59b60,0x00000000d6f00000)
  to   space 6144K, 0% used [0x00000000d7100000,0x00000000d7100000,0x00000000d7700000)
 ParOldGen       total 17920K, used 8899K [0x0000000082000000, 0x0000000083180000, 0x00000000d6000000)
  object space 17920K, 49% used [0x0000000082000000,0x00000000828b0e00,0x0000000083180000)
 Metaspace       used 7927K, capacity 8628K, committed 8960K, reserved 1056768K
  class space    used 919K, capacity 944K, committed 1024K, reserved 1048576K
}
Event: 2.563 GC heap before
{Heap before GC invocations=12 (full 2):
 PSYoungGen      total 15360K, used 14694K [0x00000000d6000000, 0x00000000d7700000, 0x0000000100000000)
  eden space 9728K, 100% used [0x00000000d6000000,0x00000000d6980000,0x00000000d6980000)
  from space 5632K, 88% used [0x00000000d6980000,0x00000000d6e59b60,0x00000000d6f00000)
  to   space 6144K, 0% used [0x00000000d7100000,0x00000000d7100000,0x00000000d7700000)
 ParOldGen       total 17920K, used 8899K [0x0000000082000000, 0x0000000083180000, 0x00000000d6000000)
  object space 17920K, 49% used [0x0000000082000000,0x00000000828b0e00,0x0000000083180000)
 Metaspace       used 8085K, capacity 8756K, committed 8960K, reserved 1056768K
  class space    used 920K, capacity 944K, committed 1024K, reserved 1048576K
Event: 2.607 GC heap after
Heap after GC invocations=12 (full 2):
 PSYoungGen      total 15872K, used 6128K [0x00000000d6000000, 0x00000000d7b00000, 0x0000000100000000)
  eden space 9728K, 0% used [0x00000000d6000000,0x00000000d6000000,0x00000000d6980000)
  from space 6144K, 99% used [0x00000000d7100000,0x00000000d76fc2c8,0x00000000d7700000)
  to   space 7680K, 0% used [0x00000000d6980000,0x00000000d6980000,0x00000000d7100000)
 ParOldGen       total 17920K, used 10548K [0x0000000082000000, 0x0000000083180000, 0x00000000d6000000)
  object space 17920K, 58% used [0x0000000082000000,0x0000000082a4d2d8,0x0000000083180000)
 Metaspace       used 8085K, capacity 8756K, committed 8960K, reserved 1056768K
  class space    used 920K, capacity 944K, committed 1024K, reserved 1048576K
}
Event: 2.951 GC heap before
{Heap before GC invocations=13 (full 2):
 PSYoungGen      total 15872K, used 15856K [0x00000000d6000000, 0x00000000d7b00000, 0x0000000100000000)
  eden space 9728K, 100% used [0x00000000d6000000,0x00000000d6980000,0x00000000d6980000)
  from space 6144K, 99% used [0x00000000d7100000,0x00000000d76fc2c8,0x00000000d7700000)
  to   space 7680K, 0% used [0x00000000d6980000,0x00000000d6980000,0x00000000d7100000)
 ParOldGen       total 17920K, used 10548K [0x0000000082000000, 0x0000000083180000, 0x00000000d6000000)
  object space 17920K, 58% used [0x0000000082000000,0x0000000082a4d2d8,0x0000000083180000)
 Metaspace       used 8180K, capacity 8820K, committed 8960K, reserved 1056768K
  class space    used 924K, capacity 944K, committed 1024K, reserved 1048576K
Event: 2.987 GC heap after
Heap after GC invocations=13 (full 2):
 PSYoungGen      total 17408K, used 7677K [0x00000000d6000000, 0x00000000d7f00000, 0x0000000100000000)
  eden space 9728K, 0% used [0x00000000d6000000,0x00000000d6000000,0x00000000d6980000)
  from space 7680K, 99% used [0x00000000d6980000,0x00000000d70ff6c0,0x00000000d7100000)
  to   space 9728K, 0% used [0x00000000d7580000,0x00000000d7580000,0x00000000d7f00000)
 ParOldGen       total 17920K, used 12031K [0x0000000082000000, 0x0000000083180000, 0x00000000d6000000)
  object space 17920K, 67% used [0x0000000082000000,0x0000000082bbfea0,0x0000000083180000)
 Metaspace       used 8180K, capacity 8820K, committed 8960K, reserved 1056768K
  class space    used 924K, capacity 944K, committed 1024K, reserved 1048576K
}
Event: 3.781 GC heap before
{Heap before GC invocations=14 (full 2):
 PSYoungGen      total 17408K, used 17405K [0x00000000d6000000, 0x00000000d7f00000, 0x0000000100000000)
  eden space 9728K, 100% used [0x00000000d6000000,0x00000000d6980000,0x00000000d6980000)
  from space 7680K, 99% used [0x00000000d6980000,0x00000000d70ff6c0,0x00000000d7100000)
  to   space 9728K, 0% used [0x00000000d7580000,0x00000000d7580000,0x00000000d7f00000)
 ParOldGen       total 17920K, used 12031K [0x0000000082000000, 0x0000000083180000, 0x00000000d6000000)
  object space 17920K, 67% used [0x0000000082000000,0x0000000082bbfea0,0x0000000083180000)
 Metaspace       used 9270K, capacity 9844K, committed 10112K, reserved 1058816K
  class space    used 1013K, capacity 1072K, committed 1152K, reserved 1048576K
Event: 3.800 GC heap after
Heap after GC invocations=14 (full 2):
 PSYoungGen      total 20992K, used 7894K [0x00000000d6000000, 0x00000000d8100000, 0x0000000100000000)
  eden space 11264K, 0% used [0x00000000d6000000,0x00000000d6000000,0x00000000d6b00000)
  from space 9728K, 81% used [0x00000000d7580000,0x00000000d7d35b10,0x00000000d7f00000)
  to   space 10752K, 0% used [0x00000000d6b00000,0x00000000d6b00000,0x00000000d7580000)
 ParOldGen       total 17920K, used 12039K [0x0000000082000000, 0x0000000083180000, 0x00000000d6000000)
  object space 17920K, 67% used [0x0000000082000000,0x0000000082bc1ea0,0x0000000083180000)
 Metaspace       used 9270K, capacity 9844K, committed 10112K, reserved 1058816K
  class space    used 1013K, capacity 1072K, committed 1152K, reserved 1048576K
}

